<?xml version="1.0" encoding="UTF-8"?>
<!-- Generated by org.testng.reporters.JUnitXMLReporter -->
<testsuite hostname="DESKTOP-RLV2AIU" ignored="0" name="Default test" tests="14" failures="0" timestamp="13 Mar 2019 11:45:23 GMT" time="363.856" errors="0">
  <testcase name="homescreenvalidation" time="4.633" classname="evolutyz.myproffesor.Testcases_Harish"/>
  <testcase name="navbarvalidation" time="1.53" classname="evolutyz.myproffesor.Testcases_Harish"/>
  <testcase name="FieldsValidation_navbar" time="0.853" classname="evolutyz.myproffesor.Testcases_Harish"/>
  <testcase name="upgradeNowValidation" time="4.953" classname="evolutyz.myproffesor.Testcases_Harish"/>
  <testcase name="navbar_share_Validation" time="4.754" classname="evolutyz.myproffesor.Testcases_Harish"/>
  <testcase name="navbar_contact_Validation" time="4.473" classname="evolutyz.myproffesor.Testcases_Harish"/>
  <testcase name="navbar_logout_no_Validation" time="6.477" classname="evolutyz.myproffesor.Testcases_Harish"/>
  <testcase name="share_homescreen_Validation" time="2.833" classname="evolutyz.myproffesor.Testcases_Harish"/>
  <testcase name="my_Library_home_Validation" time="7.122" classname="evolutyz.myproffesor.Testcases_Harish"/>
  <testcase name="my_Performance_home_Validation" time="8.326" classname="evolutyz.myproffesor.Testcases_Harish"/>
  <testcase name="take_a_test" time="17.296" classname="evolutyz.myproffesor.Testcases_Harish"/>
  <testcase name="previous_questions_Subjects" time="10.545" classname="evolutyz.myproffesor.Testcases_Harish"/>
  <testcase name="previous_questions_Open" time="16.386" classname="evolutyz.myproffesor.Testcases_Harish"/>
  <testcase name="take_a_test_verifyresult" time="255.385" classname="evolutyz.myproffesor.Testcases_Harish"/>
</testsuite> <!-- Default test -->
