<?xml version="1.0" encoding="UTF-8"?>
<!-- Generated by org.testng.reporters.JUnitXMLReporter -->
<testsuite hostname="DESKTOP-RLV2AIU" ignored="0" name="Default test" tests="14" failures="0" timestamp="12 Mar 2019 13:00:55 GMT" time="383.203" errors="0">
  <testcase name="homescreenvalidation" time="4.272" classname="evolutyz.myproffesor.Testcases"/>
  <testcase name="navbarvalidation" time="1.45" classname="evolutyz.myproffesor.Testcases"/>
  <testcase name="FieldsValidation_navbar" time="0.918" classname="evolutyz.myproffesor.Testcases"/>
  <testcase name="upgradeNowValidation" time="4.933" classname="evolutyz.myproffesor.Testcases"/>
  <testcase name="navbar_share_Validation" time="4.425" classname="evolutyz.myproffesor.Testcases"/>
  <testcase name="navbar_contact_Validation" time="4.529" classname="evolutyz.myproffesor.Testcases"/>
  <testcase name="navbar_logout_no_Validation" time="6.316" classname="evolutyz.myproffesor.Testcases"/>
  <testcase name="share_homescreen_Validation" time="3.149" classname="evolutyz.myproffesor.Testcases"/>
  <testcase name="my_Library_home_Validation" time="6.792" classname="evolutyz.myproffesor.Testcases"/>
  <testcase name="my_Performance_home_Validation" time="8.611" classname="evolutyz.myproffesor.Testcases"/>
  <testcase name="take_a_test" time="19.501" classname="evolutyz.myproffesor.Testcases"/>
  <testcase name="previous_questions_Subjects" time="7.797" classname="evolutyz.myproffesor.Testcases"/>
  <testcase name="previous_questions_Open" time="18.216" classname="evolutyz.myproffesor.Testcases"/>
  <testcase name="take_a_test_verifyresult" time="271.63" classname="evolutyz.myproffesor.Testcases"/>
</testsuite> <!-- Default test -->
