<?xml version="1.0" encoding="UTF-8"?>
<testng-results skipped="0" failed="0" ignored="0" total="14" passed="14">
  <reporter-output>
  </reporter-output>
  <suite name="Default suite" duration-ms="383203" started-at="2019-03-12T12:54:31Z" finished-at="2019-03-12T13:00:55Z">
    <groups>
    </groups>
    <test name="Default test" duration-ms="383203" started-at="2019-03-12T12:54:31Z" finished-at="2019-03-12T13:00:55Z">
      <class name="evolutyz.myproffesor.Testcases">
        <test-method status="PASS" signature="setUp()[pri:0, instance:evolutyz.myproffesor.Testcases@5bc79255]" name="setUp" is-config="true" duration-ms="20322" started-at="2019-03-12T12:54:31Z" finished-at="2019-03-12T12:54:52Z">
          <reporter-output>
          </reporter-output>
        </test-method> <!-- setUp -->
        <test-method status="PASS" signature="homescreenvalidation()[pri:1, instance:evolutyz.myproffesor.Testcases@5bc79255]" name="homescreenvalidation" duration-ms="4272" started-at="2019-03-12T12:54:52Z" finished-at="2019-03-12T12:54:56Z">
          <reporter-output>
          </reporter-output>
        </test-method> <!-- homescreenvalidation -->
        <test-method status="PASS" signature="navbarvalidation()[pri:2, instance:evolutyz.myproffesor.Testcases@5bc79255]" name="navbarvalidation" duration-ms="1450" started-at="2019-03-12T12:54:56Z" finished-at="2019-03-12T12:54:57Z">
          <reporter-output>
          </reporter-output>
        </test-method> <!-- navbarvalidation -->
        <test-method status="PASS" signature="FieldsValidation_navbar()[pri:3, instance:evolutyz.myproffesor.Testcases@5bc79255]" name="FieldsValidation_navbar" duration-ms="918" started-at="2019-03-12T12:54:57Z" finished-at="2019-03-12T12:54:58Z">
          <reporter-output>
          </reporter-output>
        </test-method> <!-- FieldsValidation_navbar -->
        <test-method status="PASS" signature="upgradeNowValidation()[pri:4, instance:evolutyz.myproffesor.Testcases@5bc79255]" name="upgradeNowValidation" duration-ms="4933" started-at="2019-03-12T12:54:58Z" finished-at="2019-03-12T12:55:03Z">
          <reporter-output>
          </reporter-output>
        </test-method> <!-- upgradeNowValidation -->
        <test-method status="PASS" signature="navbar_share_Validation()[pri:5, instance:evolutyz.myproffesor.Testcases@5bc79255]" name="navbar_share_Validation" duration-ms="4425" started-at="2019-03-12T12:55:03Z" finished-at="2019-03-12T12:55:08Z">
          <reporter-output>
          </reporter-output>
        </test-method> <!-- navbar_share_Validation -->
        <test-method status="PASS" signature="navbar_contact_Validation()[pri:6, instance:evolutyz.myproffesor.Testcases@5bc79255]" name="navbar_contact_Validation" duration-ms="4529" started-at="2019-03-12T12:55:08Z" finished-at="2019-03-12T12:55:12Z">
          <reporter-output>
          </reporter-output>
        </test-method> <!-- navbar_contact_Validation -->
        <test-method status="PASS" signature="navbar_logout_no_Validation()[pri:7, instance:evolutyz.myproffesor.Testcases@5bc79255]" name="navbar_logout_no_Validation" duration-ms="6316" started-at="2019-03-12T12:55:12Z" finished-at="2019-03-12T12:55:19Z">
          <reporter-output>
          </reporter-output>
        </test-method> <!-- navbar_logout_no_Validation -->
        <test-method status="PASS" signature="share_homescreen_Validation()[pri:8, instance:evolutyz.myproffesor.Testcases@5bc79255]" name="share_homescreen_Validation" duration-ms="3149" started-at="2019-03-12T12:55:19Z" finished-at="2019-03-12T12:55:22Z">
          <reporter-output>
          </reporter-output>
        </test-method> <!-- share_homescreen_Validation -->
        <test-method status="PASS" signature="my_Library_home_Validation()[pri:9, instance:evolutyz.myproffesor.Testcases@5bc79255]" name="my_Library_home_Validation" duration-ms="6792" started-at="2019-03-12T12:55:22Z" finished-at="2019-03-12T12:55:29Z">
          <reporter-output>
          </reporter-output>
        </test-method> <!-- my_Library_home_Validation -->
        <test-method status="PASS" signature="my_Performance_home_Validation()[pri:10, instance:evolutyz.myproffesor.Testcases@5bc79255]" name="my_Performance_home_Validation" duration-ms="8611" started-at="2019-03-12T12:55:29Z" finished-at="2019-03-12T12:55:37Z">
          <reporter-output>
          </reporter-output>
        </test-method> <!-- my_Performance_home_Validation -->
        <test-method status="PASS" signature="take_a_test()[pri:11, instance:evolutyz.myproffesor.Testcases@5bc79255]" name="take_a_test" duration-ms="19501" started-at="2019-03-12T12:55:37Z" finished-at="2019-03-12T12:55:57Z">
          <reporter-output>
          </reporter-output>
        </test-method> <!-- take_a_test -->
        <test-method status="PASS" signature="previous_questions_Subjects()[pri:12, instance:evolutyz.myproffesor.Testcases@5bc79255]" name="previous_questions_Subjects" duration-ms="7797" started-at="2019-03-12T12:55:57Z" finished-at="2019-03-12T12:56:04Z">
          <reporter-output>
          </reporter-output>
        </test-method> <!-- previous_questions_Subjects -->
        <test-method status="PASS" signature="previous_questions_Open()[pri:13, instance:evolutyz.myproffesor.Testcases@5bc79255]" name="previous_questions_Open" duration-ms="18216" started-at="2019-03-12T12:56:04Z" finished-at="2019-03-12T12:56:23Z">
          <reporter-output>
          </reporter-output>
        </test-method> <!-- previous_questions_Open -->
        <test-method status="PASS" signature="take_a_test_verifyresult()[pri:14, instance:evolutyz.myproffesor.Testcases@5bc79255]" name="take_a_test_verifyresult" duration-ms="271630" started-at="2019-03-12T12:56:23Z" finished-at="2019-03-12T13:00:54Z">
          <reporter-output>
          </reporter-output>
        </test-method> <!-- take_a_test_verifyresult -->
        <test-method status="PASS" signature="endTest()[pri:0, instance:evolutyz.myproffesor.Testcases@5bc79255]" name="endTest" is-config="true" duration-ms="293" started-at="2019-03-12T13:00:54Z" finished-at="2019-03-12T13:00:55Z">
          <reporter-output>
          </reporter-output>
        </test-method> <!-- endTest -->
      </class> <!-- evolutyz.myproffesor.Testcases -->
    </test> <!-- Default test -->
  </suite> <!-- Default suite -->
</testng-results>
